{"B:\\projects\\learning-lab-notes\\.learning-lab-notes\\bin\\utils\\functions.js": {"path":"B:\\projects\\learning-lab-notes\\.learning-lab-notes\\bin\\utils\\functions.js","statementMap":{"0":{"start":{"line":1,"column":26},"end":{"line":3,"column":1}},"1":{"start":{"line":2,"column":2},"end":{"line":2,"column":54}},"2":{"start":{"line":5,"column":36},"end":{"line":11,"column":1}},"3":{"start":{"line":6,"column":15},"end":{"line":6,"column":39}},"4":{"start":{"line":7,"column":15},"end":{"line":7,"column":63}},"5":{"start":{"line":8,"column":16},"end":{"line":8,"column":71}},"6":{"start":{"line":10,"column":2},"end":{"line":10,"column":35}}},"fnMap":{"0":{"name":"(anonymous_0)","decl":{"start":{"line":1,"column":26},"end":{"line":1,"column":27}},"loc":{"start":{"line":1,"column":36},"end":{"line":3,"column":1}},"line":1},"1":{"name":"(anonymous_1)","decl":{"start":{"line":5,"column":36},"end":{"line":5,"column":37}},"loc":{"start":{"line":5,"column":42},"end":{"line":11,"column":1}},"line":5}},"branchMap":{},"s":{"0":1,"1":0,"2":1,"3":1,"4":1,"5":1,"6":1},"f":{"0":0,"1":1},"b":{},"_coverageSchema":"1a1c01bbd47fc00a2c39e90264f33305004495a9","hash":"62e5cd23ef85ceb316b11089c0133cd46cc80db7"}
}
